app/build/outputs/logs/manifest-merger-debug-report.txt
-- Merging decision tree log ---
manifest
ADDED from src\main\AndroidManifest.xml:2:1-163:12
INJECTED from src\main\AndroidManifest.xml:2:1-163:12
INJECTED from src\main\AndroidManifest.xml:2:1-163:12
INJECTED from src\main\AndroidManifest.xml:2:1-163:12
MERGED from [com.jjoe64:graphview:4.2.1] AndroidManifest.xml:2:1-14:12
MERGED from [com.google.android.gms:play-services-ads:17.2.0] AndroidManifest.xml:17:1-25:12
MERGED from [com.google.android.gms:play-services-ads-identifier:16.0.0] AndroidManifest.xml:17:1-24:12
MERGED from [com.google.android.gms:play-services-ads-lite:17.2.0] AndroidManifest.xml:17:1-42:12
MERGED from [com.google.android.gms:play-services-gass:17.2.0] AndroidManifest.xml:2:1-9:12
MERGED from [com.google.android.gms:play-services-measurement-sdk-api:16.3.0] AndroidManifest.xml:17:1-30:12
MERGED from [com.google.android.gms:play-services-measurement-base:16.3.0] AndroidManifest.xml:2:1-9:12
MERGED from [com.google.android.gms:play-services-basement:16.0.1] AndroidManifest.xml:17:1-28:12
MERGED from [androidx.legacy:legacy-support-v4:1.0.0] AndroidManifest.xml:17:1-22:12
MERGED from [com.github.PhilJay:MPAndroidChart:v3.1.0] AndroidManifest.xml:2:1-20:12
MERGED from [com.miguelcatalan:materialsearchview:1.4.0] AndroidManifest.xml:2:1-13:12
MERGED from [com.bignerdranch.android:recyclerview-multiselect:0.2] AndroidManifest.xml:2:1-11:12
MERGED from [com.futuremind.recyclerfastscroll:fastscroll:0.2.5] AndroidManifest.xml:2:1-13:12
MERGED from [com.google.android.material:material:1.1.0-alpha05] AndroidManifest.xml:17:1-24:12
MERGED from [androidx.appcompat:appcompat:1.1.0-alpha04] AndroidManifest.xml:17:1-22:12
MERGED from [androidx.constraintlayout:constraintlayout:1.1.3] AndroidManifest.xml:2:1-11:12
MERGED from [androidx.recyclerview:recyclerview:1.1.0-alpha01] AndroidManifest.xml:17:1-22:12
MERGED from [androidx.cardview:cardview:1.0.0] AndroidManifest.xml:17:1-22:12
MERGED from [com.mxn.soul:flowingdrawer-core:2.0.0] AndroidManifest.xml:2:1-12:12
MERGED from [com.github.blackfizz:eazegraph:1.2.2] AndroidManifest.xml:2:1-14:12
MERGED from [com.github.ybq:Android-SpinKit:1.2.0] AndroidManifest.xml:2:1-9:12
MERGED from [com.facebook.shimmer:shimmer:0.4.0] AndroidManifest.xml:2:1-7:12
MERGED from [androidx.media:media:1.0.0] AndroidManifest.xml:17:1-22:12
MERGED from [androidx.browser:browser:1.0.0] AndroidManifest.xml:17:1-22:12
MERGED from [androidx.legacy:legacy-support-core-ui:1.0.0] AndroidManifest.xml:17:1-22:12
MERGED from [androidx.legacy:legacy-support-core-utils:1.0.0] AndroidManifest.xml:17:1-22:12
MERGED from [androidx.fragment:fragment:1.1.0-alpha06] AndroidManifest.xml:17:1-22:12
MERGED from [androidx.appcompat:appcompat-resources:1.1.0-alpha04] AndroidManifest.xml:17:1-22:12
MERGED from [androidx.drawerlayout:drawerlayout:1.0.0] AndroidManifest.xml:17:1-22:12
MERGED from [androidx.coordinatorlayout:coordinatorlayout:1.1.0-alpha01] AndroidManifest.xml:17:1-22:12
MERGED from [androidx.transition:transition:1.0.1] AndroidManifest.xml:17:1-22:12
MERGED from [androidx.vectordrawable:vectordrawable-animated:1.1.0-alpha01] AndroidManifest.xml:17:1-22:12
MERGED from [androidx.vectordrawable:vectordrawable:1.1.0-alpha01] AndroidManifest.xml:17:1-22:12
MERGED from [androidx.loader:loader:1.0.0] AndroidManifest.xml:17:1-22:12
MERGED from [androidx.viewpager:viewpager:1.0.0] AndroidManifest.xml:17:1-22:12
MERGED from [androidx.slidingpanelayout:slidingpanelayout:1.0.0] AndroidManifest.xml:17:1-22:12
MERGED from [androidx.customview:customview:1.0.0] AndroidManifest.xml:17:1-22:12
MERGED from [androidx.swiperefreshlayout:swiperefreshlayout:1.0.0] AndroidManifest.xml:17:1-22:12
MERGED from [androidx.asynclayoutinflater:asynclayoutinflater:1.0.0] AndroidManifest.xml:17:1-22:12
MERGED from [androidx.activity:activity:1.0.0-alpha06] AndroidManifest.xml:17:1-22:12
MERGED from [androidx.core:core:1.1.0-alpha05] AndroidManifest.xml:17:1-24:12
MERGED from [androidx.cursoradapter:cursoradapter:1.0.0] AndroidManifest.xml:17:1-22:12
MERGED from [androidx.documentfile:documentfile:1.0.0] AndroidManifest.xml:17:1-22:12
MERGED from [androidx.localbroadcastmanager:localbroadcastmanager:1.0.0] AndroidManifest.xml:17:1-22:12
MERGED from [androidx.print:print:1.0.0] AndroidManifest.xml:17:1-22:12
MERGED from [androidx.interpolator:interpolator:1.0.0] AndroidManifest.xml:17:1-22:12
MERGED from [androidx.versionedparcelable:versionedparcelable:1.1.0-alpha02] AndroidManifest.xml:17:1-25:12
MERGED from [androidx.lifecycle:lifecycle-livedata:2.0.0] AndroidManifest.xml:17:1-22:12
MERGED from [androidx.lifecycle:lifecycle-runtime:2.1.0-alpha04] AndroidManifest.xml:17:1-22:12
MERGED from [androidx.savedstate:savedstate:1.0.0-alpha02] AndroidManifest.xml:17:1-22:12
MERGED from [androidx.lifecycle:lifecycle-livedata-core:2.0.0] AndroidManifest.xml:17:1-22:12
MERGED from [androidx.arch.core:core-runtime:2.0.0] AndroidManifest.xml:17:1-22:12
MERGED from [androidx.lifecycle:lifecycle-viewmodel:2.1.0-alpha04] AndroidManifest.xml:17:1-22:12
MERGED from [com.google.android.gms:play-services-ads-base:17.2.0] AndroidManifest.xml:2:1-9:12
INJECTED from src\main\AndroidManifest.xml:2:1-163:12
INJECTED from src\main\AndroidManifest.xml:2:1-163:12
INJECTED from src\main\AndroidManifest.xml:2:1-163:12
	package
		ADDED from src\main\AndroidManifest.xml:3:5-37
		INJECTED from src\main\AndroidManifest.xml
		INJECTED from src\main\AndroidManifest.xml
	android:versionName
		INJECTED from src\main\AndroidManifest.xml
		ADDED from src\main\AndroidManifest.xml:2:1-163:12
		INJECTED from src\main\AndroidManifest.xml
	android:versionCode
		INJECTED from src\main\AndroidManifest.xml
		ADDED from src\main\AndroidManifest.xml:2:1-163:12
		INJECTED from src\main\AndroidManifest.xml
	xmlns:android
		ADDED from src\main\AndroidManifest.xml:2:11-69
uses-permission#android.permission.INTERNET
ADDED from src\main\AndroidManifest.xml:5:5-67
MERGED from [com.google.android.gms:play-services-ads-lite:17.2.0] AndroidManifest.xml:23:5-67
MERGED from [com.google.android.gms:play-services-ads-lite:17.2.0] AndroidManifest.xml:23:5-67
MERGED from [com.google.android.gms:play-services-measurement-sdk-api:16.3.0] AndroidManifest.xml:23:5-67
MERGED from [com.google.android.gms:play-services-measurement-sdk-api:16.3.0] AndroidManifest.xml:23:5-67
	android:name
		ADDED from src\main\AndroidManifest.xml:5:22-64
uses-permission#android.permission.ACCESS_WIFI_STATE
ADDED from src\main\AndroidManifest.xml:6:5-76
	android:name
		ADDED from src\main\AndroidManifest.xml:6:22-73
uses-permission#android.permission.ACCESS_NETWORK_STATE
ADDED from src\main\AndroidManifest.xml:7:5-79
MERGED from [com.google.android.gms:play-services-ads-lite:17.2.0] AndroidManifest.xml:24:5-79
MERGED from [com.google.android.gms:play-services-ads-lite:17.2.0] AndroidManifest.xml:24:5-79
MERGED from [com.google.android.gms:play-services-measurement-sdk-api:16.3.0] AndroidManifest.xml:24:5-79
MERGED from [com.google.android.gms:play-services-measurement-sdk-api:16.3.0] AndroidManifest.xml:24:5-79
	android:name
		ADDED from src\main\AndroidManifest.xml:7:22-76
application
ADDED from src\main\AndroidManifest.xml:9:5-162:19
MERGED from [com.jjoe64:graphview:4.2.1] AndroidManifest.xml:11:5-12:19
MERGED from [com.jjoe64:graphview:4.2.1] AndroidManifest.xml:11:5-12:19
MERGED from [com.google.android.gms:play-services-ads-identifier:16.0.0] AndroidManifest.xml:22:5-20
MERGED from [com.google.android.gms:play-services-ads-identifier:16.0.0] AndroidManifest.xml:22:5-20
MERGED from [com.google.android.gms:play-services-ads-lite:17.2.0] AndroidManifest.xml:26:5-40:19
MERGED from [com.google.android.gms:play-services-ads-lite:17.2.0] AndroidManifest.xml:26:5-40:19
MERGED from [com.google.android.gms:play-services-gass:17.2.0] AndroidManifest.xml:7:5-20
MERGED from [com.google.android.gms:play-services-gass:17.2.0] AndroidManifest.xml:7:5-20
MERGED from [com.google.android.gms:play-services-measurement-sdk-api:16.3.0] AndroidManifest.xml:27:5-28:19
MERGED from [com.google.android.gms:play-services-measurement-sdk-api:16.3.0] AndroidManifest.xml:27:5-28:19
MERGED from [com.google.android.gms:play-services-measurement-base:16.3.0] AndroidManifest.xml:7:5-20
MERGED from [com.google.android.gms:play-services-measurement-base:16.3.0] AndroidManifest.xml:7:5-20
MERGED from [com.google.android.gms:play-services-basement:16.0.1] AndroidManifest.xml:22:5-26:19
MERGED from [com.google.android.gms:play-services-basement:16.0.1] AndroidManifest.xml:22:5-26:19
MERGED from [com.miguelcatalan:materialsearchview:1.4.0] AndroidManifest.xml:11:5-20
MERGED from [com.miguelcatalan:materialsearchview:1.4.0] AndroidManifest.xml:11:5-20
MERGED from [com.bignerdranch.android:recyclerview-multiselect:0.2] AndroidManifest.xml:9:5-20
MERGED from [com.bignerdranch.android:recyclerview-multiselect:0.2] AndroidManifest.xml:9:5-20
MERGED from [com.futuremind.recyclerfastscroll:fastscroll:0.2.5] AndroidManifest.xml:11:5-20
MERGED from [com.futuremind.recyclerfastscroll:fastscroll:0.2.5] AndroidManifest.xml:11:5-20
MERGED from [com.google.android.material:material:1.1.0-alpha05] AndroidManifest.xml:22:5-20
MERGED from [com.google.android.material:material:1.1.0-alpha05] AndroidManifest.xml:22:5-20
MERGED from [androidx.constraintlayout:constraintlayout:1.1.3] AndroidManifest.xml:9:5-20
MERGED from [androidx.constraintlayout:constraintlayout:1.1.3] AndroidManifest.xml:9:5-20
MERGED from [com.github.blackfizz:eazegraph:1.2.2] AndroidManifest.xml:11:5-12:19
MERGED from [com.github.blackfizz:eazegraph:1.2.2] AndroidManifest.xml:11:5-12:19
MERGED from [androidx.core:core:1.1.0-alpha05] AndroidManifest.xml:22:5-89
MERGED from [androidx.core:core:1.1.0-alpha05] AndroidManifest.xml:22:5-89
MERGED from [androidx.versionedparcelable:versionedparcelable:1.1.0-alpha02] AndroidManifest.xml:22:5-23:19
MERGED from [androidx.versionedparcelable:versionedparcelable:1.1.0-alpha02] AndroidManifest.xml:22:5-23:19
MERGED from [com.google.android.gms:play-services-ads-base:17.2.0] AndroidManifest.xml:7:5-20
MERGED from [com.google.android.gms:play-services-ads-base:17.2.0] AndroidManifest.xml:7:5-20
	android:appComponentFactory
		ADDED from [androidx.core:core:1.1.0-alpha05] AndroidManifest.xml:22:18-86
	android:supportsRtl
		ADDED from src\main\AndroidManifest.xml:14:9-35
	android:label
		ADDED from src\main\AndroidManifest.xml:12:9-34
	android:roundIcon
		ADDED from src\main\AndroidManifest.xml:13:9-54
	android:icon
		ADDED from src\main\AndroidManifest.xml:11:9-43
	android:allowBackup
		ADDED from src\main\AndroidManifest.xml:10:9-35
	android:theme
		ADDED from src\main\AndroidManifest.xml:15:9-40
	android:usesCleartextTraffic
		ADDED from src\main\AndroidManifest.xml:16:9-44
activity#com.example.admin.data.examPolycet.Polycet_Statastics_Graphs
ADDED from src\main\AndroidManifest.xml:17:9-84
	android:name
		ADDED from src\main\AndroidManifest.xml:17:19-72
activity#com.example.admin.data.examPgecet.Pgcet_Statastics_Graphs
ADDED from src\main\AndroidManifest.xml:18:9-72
	android:name
		ADDED from src\main\AndroidManifest.xml:18:19-69
activity#com.example.admin.data.examEcet.Ecet_Statastics_Graphs
ADDED from src\main\AndroidManifest.xml:19:9-69
	android:name
		ADDED from src\main\AndroidManifest.xml:19:19-66
activity#com.example.admin.data.Homepage.Nit
ADDED from src\main\AndroidManifest.xml:20:9-50
	android:name
		ADDED from src\main\AndroidManifest.xml:20:19-47
meta-data#com.google.android.gms.ads.APPLICATION_ID
ADDED from src\main\AndroidManifest.xml:22:9-24:70
	android:value
		ADDED from src\main\AndroidManifest.xml:24:13-67
	android:name
		ADDED from src\main\AndroidManifest.xml:23:13-69
activity#com.example.admin.data.Homepage.SplashScreen
ADDED from src\main\AndroidManifest.xml:26:9-34:20
	android:screenOrientation
		ADDED from src\main\AndroidManifest.xml:28:13-49
	android:name
		ADDED from src\main\AndroidManifest.xml:27:13-50
intent-filter#action:name:android.intent.action.MAIN+action:name:android.intent.action.VIEW+category:name:android.intent.category.LAUNCHER
ADDED from src\main\AndroidManifest.xml:29:13-33:29
action#android.intent.action.MAIN
ADDED from src\main\AndroidManifest.xml:30:17-69
	android:name
		ADDED from src\main\AndroidManifest.xml:30:25-66
action#android.intent.action.VIEW
ADDED from src\main\AndroidManifest.xml:31:17-69
	android:name
		ADDED from src\main\AndroidManifest.xml:31:25-66
category#android.intent.category.LAUNCHER
ADDED from src\main\AndroidManifest.xml:32:17-77
	android:name
		ADDED from src\main\AndroidManifest.xml:32:27-74
activity#com.example.admin.data.Homepage.MainActivity
ADDED from src\main\AndroidManifest.xml:35:9-39:52
	android:screenOrientation
		ADDED from src\main\AndroidManifest.xml:39:13-49
	android:configChanges
		ADDED from src\main\AndroidManifest.xml:37:13-48
	android:icon
		ADDED from src\main\AndroidManifest.xml:38:13-61
	android:name
		ADDED from src\main\AndroidManifest.xml:36:13-50
activity#com.example.admin.data.Homepage.Eamcet
ADDED from src\main\AndroidManifest.xml:40:9-44:55
	android:screenOrientation
		ADDED from src\main\AndroidManifest.xml:43:13-49
	android:label
		ADDED from src\main\AndroidManifest.xml:42:13-35
	android:windowSoftInputMode
		ADDED from src\main\AndroidManifest.xml:44:13-52
	android:name
		ADDED from src\main\AndroidManifest.xml:41:13-44
activity#com.example.admin.data.Homepage.Polycet
ADDED from src\main\AndroidManifest.xml:45:9-49:55
	android:screenOrientation
		ADDED from src\main\AndroidManifest.xml:48:13-49
	android:label
		ADDED from src\main\AndroidManifest.xml:47:13-36
	android:windowSoftInputMode
		ADDED from src\main\AndroidManifest.xml:49:13-52
	android:name
		ADDED from src\main\AndroidManifest.xml:46:13-45
activity#com.example.admin.data.Homepage.Icet
ADDED from src\main\AndroidManifest.xml:50:9-54:55
	android:screenOrientation
		ADDED from src\main\AndroidManifest.xml:53:13-49
	android:label
		ADDED from src\main\AndroidManifest.xml:52:13-33
	android:windowSoftInputMode
		ADDED from src\main\AndroidManifest.xml:54:13-52
	android:name
		ADDED from src\main\AndroidManifest.xml:51:13-42
activity#com.example.admin.data.Homepage.Ecet
ADDED from src\main\AndroidManifest.xml:55:9-59:55
	android:screenOrientation
		ADDED from src\main\AndroidManifest.xml:58:13-49
	android:label
		ADDED from src\main\AndroidManifest.xml:57:13-33
	android:windowSoftInputMode
		ADDED from src\main\AndroidManifest.xml:59:13-52
	android:name
		ADDED from src\main\AndroidManifest.xml:56:13-42
activity#com.example.admin.data.Homepage.Pgcet
ADDED from src\main\AndroidManifest.xml:60:9-64:55
	android:screenOrientation
		ADDED from src\main\AndroidManifest.xml:63:13-49
	android:label
		ADDED from src\main\AndroidManifest.xml:62:13-35
	android:windowSoftInputMode
		ADDED from src\main\AndroidManifest.xml:64:13-52
	android:name
		ADDED from src\main\AndroidManifest.xml:61:13-43
activity#com.example.admin.data.Homepage.Developers
ADDED from src\main\AndroidManifest.xml:65:9-68:52
	android:screenOrientation
		ADDED from src\main\AndroidManifest.xml:68:13-49
	android:label
		ADDED from src\main\AndroidManifest.xml:67:13-39
	android:name
		ADDED from src\main\AndroidManifest.xml:66:13-48
activity#com.example.admin.data.Homepage.Feedback
ADDED from src\main\AndroidManifest.xml:69:9-72:52
	android:screenOrientation
		ADDED from src\main\AndroidManifest.xml:72:13-49
	android:label
		ADDED from src\main\AndroidManifest.xml:71:13-37
	android:name
		ADDED from src\main\AndroidManifest.xml:70:13-46
activity#com.example.admin.data.Homepage.Websites
ADDED from src\main\AndroidManifest.xml:73:9-76:52
	android:screenOrientation
		ADDED from src\main\AndroidManifest.xml:76:13-49
	android:label
		ADDED from src\main\AndroidManifest.xml:75:13-37
	android:name
		ADDED from src\main\AndroidManifest.xml:74:13-46
activity#com.example.admin.data.examEamcet.Eamcet_Cutoff_Result
ADDED from src\main\AndroidManifest.xml:77:9-80:52
	android:screenOrientation
		ADDED from src\main\AndroidManifest.xml:80:13-49
	android:label
		ADDED from src\main\AndroidManifest.xml:79:13-42
	android:name
		ADDED from src\main\AndroidManifest.xml:78:13-60
activity#com.example.admin.data.examPgecet.Pgcet_Colleges_Details
ADDED from src\main\AndroidManifest.xml:81:9-84:52
	android:screenOrientation
		ADDED from src\main\AndroidManifest.xml:84:13-49
	android:label
		ADDED from src\main\AndroidManifest.xml:83:13-48
	android:name
		ADDED from src\main\AndroidManifest.xml:82:13-62
activity#com.example.admin.data.examEamcet.Eamcet_Colleges_Details
ADDED from src\main\AndroidManifest.xml:85:9-88:52
	android:screenOrientation
		ADDED from src\main\AndroidManifest.xml:88:13-49
	android:label
		ADDED from src\main\AndroidManifest.xml:87:13-48
	android:name
		ADDED from src\main\AndroidManifest.xml:86:13-63
activity#com.example.admin.data.examEamcet.Select
ADDED from src\main\AndroidManifest.xml:89:9-92:52
	android:screenOrientation
		ADDED from src\main\AndroidManifest.xml:92:13-49
	android:label
		ADDED from src\main\AndroidManifest.xml:91:13-44
	android:name
		ADDED from src\main\AndroidManifest.xml:90:13-46
activity#com.example.admin.data.examEamcet.Cutoff_Select_Colleges
ADDED from src\main\AndroidManifest.xml:93:9-96:52
	android:screenOrientation
		ADDED from src\main\AndroidManifest.xml:96:13-49
	android:label
		ADDED from src\main\AndroidManifest.xml:95:13-44
	android:name
		ADDED from src\main\AndroidManifest.xml:94:13-62
activity#com.example.admin.data.Homepage.Login
ADDED from src\main\AndroidManifest.xml:97:9-101:59
	android:screenOrientation
		ADDED from src\main\AndroidManifest.xml:100:13-49
	android:label
		ADDED from src\main\AndroidManifest.xml:99:13-34
	android:theme
		ADDED from src\main\AndroidManifest.xml:101:13-56
	android:name
		ADDED from src\main\AndroidManifest.xml:98:13-43
activity#com.example.admin.data.Homepage.Register
ADDED from src\main\AndroidManifest.xml:102:9-105:52
	android:screenOrientation
		ADDED from src\main\AndroidManifest.xml:105:13-49
	android:label
		ADDED from src\main\AndroidManifest.xml:104:13-41
	android:name
		ADDED from src\main\AndroidManifest.xml:103:13-46
activity#com.example.admin.data.Homepage.Survey
ADDED from src\main\AndroidManifest.xml:106:9-109:52
	android:screenOrientation
		ADDED from src\main\AndroidManifest.xml:109:13-49
	android:label
		ADDED from src\main\AndroidManifest.xml:108:13-36
	android:name
		ADDED from src\main\AndroidManifest.xml:107:13-44
activity#com.example.admin.data.Homepage.SurveyViewDetails
ADDED from src\main\AndroidManifest.xml:110:9-113:52
	android:screenOrientation
		ADDED from src\main\AndroidManifest.xml:113:13-49
	android:label
		ADDED from src\main\AndroidManifest.xml:112:13-43
	android:name
		ADDED from src\main\AndroidManifest.xml:111:13-55
activity#com.example.admin.data.examPolycet.Polcet_Colleges_Details
ADDED from src\main\AndroidManifest.xml:114:9-117:52
	android:screenOrientation
		ADDED from src\main\AndroidManifest.xml:117:13-49
	android:label
		ADDED from src\main\AndroidManifest.xml:116:13-48
	android:name
		ADDED from src\main\AndroidManifest.xml:115:13-64
activity#com.example.admin.data.examPolycet.SelectBranchesPolycet
ADDED from src\main\AndroidManifest.xml:118:9-121:52
	android:screenOrientation
		ADDED from src\main\AndroidManifest.xml:121:13-49
	android:label
		ADDED from src\main\AndroidManifest.xml:120:13-44
	android:name
		ADDED from src\main\AndroidManifest.xml:119:13-62
activity#com.example.admin.data.examPolycet.Cutoff_Select_Colleges_Polycet
ADDED from src\main\AndroidManifest.xml:122:9-125:52
	android:screenOrientation
		ADDED from src\main\AndroidManifest.xml:125:13-49
	android:label
		ADDED from src\main\AndroidManifest.xml:124:13-44
	android:name
		ADDED from src\main\AndroidManifest.xml:123:13-71
activity#com.example.admin.data.examPolycet.Polycet_Cutoff_Result
ADDED from src\main\AndroidManifest.xml:126:9-129:52
	android:screenOrientation
		ADDED from src\main\AndroidManifest.xml:129:13-49
	android:label
		ADDED from src\main\AndroidManifest.xml:128:13-43
	android:name
		ADDED from src\main\AndroidManifest.xml:127:13-62
activity#com.example.admin.data.examPgecet.SelectBranchesPgcet
ADDED from src\main\AndroidManifest.xml:130:9-133:52
	android:screenOrientation
		ADDED from src\main\AndroidManifest.xml:133:13-49
	android:label
		ADDED from src\main\AndroidManifest.xml:132:13-44
	android:name
		ADDED from src\main\AndroidManifest.xml:131:13-59
activity#com.example.admin.data.examPgecet.Cutoff_Select_Colleges_Pgcet
ADDED from src\main\AndroidManifest.xml:134:9-137:52
	android:screenOrientation
		ADDED from src\main\AndroidManifest.xml:137:13-49
	android:label
		ADDED from src\main\AndroidManifest.xml:136:13-44
	android:name
		ADDED from src\main\AndroidManifest.xml:135:13-68
activity#com.example.admin.data.examPgecet.Pgcet_Cutoff_Result
ADDED from src\main\AndroidManifest.xml:138:9-141:52
	android:screenOrientation
		ADDED from src\main\AndroidManifest.xml:141:13-49
	android:label
		ADDED from src\main\AndroidManifest.xml:140:13-43
	android:name
		ADDED from src\main\AndroidManifest.xml:139:13-59
activity#com.example.admin.data.examEamcet.Emcet_Statastics_Graphs
ADDED from src\main\AndroidManifest.xml:142:9-145:52
	android:screenOrientation
		ADDED from src\main\AndroidManifest.xml:145:13-49
	android:label
		ADDED from src\main\AndroidManifest.xml:144:13-30
	android:name
		ADDED from src\main\AndroidManifest.xml:143:13-63
activity#com.example.admin.data.examEcet.Ecet_Colleges_Details
ADDED from src\main\AndroidManifest.xml:146:9-149:52
	android:screenOrientation
		ADDED from src\main\AndroidManifest.xml:149:13-49
	android:label
		ADDED from src\main\AndroidManifest.xml:148:13-48
	android:name
		ADDED from src\main\AndroidManifest.xml:147:13-59
activity#com.example.admin.data.examEcet.SelectBranchesEcet
ADDED from src\main\AndroidManifest.xml:150:9-153:52
	android:screenOrientation
		ADDED from src\main\AndroidManifest.xml:153:13-49
	android:label
		ADDED from src\main\AndroidManifest.xml:152:13-44
	android:name
		ADDED from src\main\AndroidManifest.xml:151:13-56
activity#com.example.admin.data.examEcet.Cutoff_Select_Colleges_Ecet
ADDED from src\main\AndroidManifest.xml:154:9-157:52
	android:screenOrientation
		ADDED from src\main\AndroidManifest.xml:157:13-49
	android:label
		ADDED from src\main\AndroidManifest.xml:156:13-44
	android:name
		ADDED from src\main\AndroidManifest.xml:155:13-65
activity#com.example.admin.data.examEcet.Ecet_Cutoff_Result
ADDED from src\main\AndroidManifest.xml:158:9-161:52
	android:screenOrientation
		ADDED from src\main\AndroidManifest.xml:161:13-49
	android:label
		ADDED from src\main\AndroidManifest.xml:160:13-40
	android:name
		ADDED from src\main\AndroidManifest.xml:159:13-56
uses-sdk
INJECTED from src\main\AndroidManifest.xml reason: use-sdk injection requested
INJECTED from src\main\AndroidManifest.xml
INJECTED from src\main\AndroidManifest.xml
MERGED from [com.jjoe64:graphview:4.2.1] AndroidManifest.xml:7:5-9:41
MERGED from [com.jjoe64:graphview:4.2.1] AndroidManifest.xml:7:5-9:41
MERGED from [com.google.android.gms:play-services-ads:17.2.0] AndroidManifest.xml:21:5-23:52
MERGED from [com.google.android.gms:play-services-ads:17.2.0] AndroidManifest.xml:21:5-23:52
MERGED from [com.google.android.gms:play-services-ads-identifier:16.0.0] AndroidManifest.xml:20:5-44
MERGED from [com.google.android.gms:play-services-ads-identifier:16.0.0] AndroidManifest.xml:20:5-44
MERGED from [com.google.android.gms:play-services-ads-lite:17.2.0] AndroidManifest.xml:20:5-44
MERGED from [com.google.android.gms:play-services-ads-lite:17.2.0] AndroidManifest.xml:20:5-44
MERGED from [com.google.android.gms:play-services-gass:17.2.0] AndroidManifest.xml:5:5-44
MERGED from [com.google.android.gms:play-services-gass:17.2.0] AndroidManifest.xml:5:5-44
MERGED from [com.google.android.gms:play-services-measurement-sdk-api:16.3.0] AndroidManifest.xml:20:5-44
MERGED from [com.google.android.gms:play-services-measurement-sdk-api:16.3.0] AndroidManifest.xml:20:5-44
MERGED from [com.google.android.gms:play-services-measurement-base:16.3.0] AndroidManifest.xml:5:5-44
MERGED from [com.google.android.gms:play-services-measurement-base:16.3.0] AndroidManifest.xml:5:5-44
MERGED from [com.google.android.gms:play-services-basement:16.0.1] AndroidManifest.xml:20:5-44
MERGED from [com.google.android.gms:play-services-basement:16.0.1] AndroidManifest.xml:20:5-44
MERGED from [androidx.legacy:legacy-support-v4:1.0.0] AndroidManifest.xml:20:5-44
MERGED from [androidx.legacy:legacy-support-v4:1.0.0] AndroidManifest.xml:20:5-44
MERGED from [com.github.PhilJay:MPAndroidChart:v3.1.0] AndroidManifest.xml:16:5-18:41
MERGED from [com.github.PhilJay:MPAndroidChart:v3.1.0] AndroidManifest.xml:16:5-18:41
MERGED from [com.miguelcatalan:materialsearchview:1.4.0] AndroidManifest.xml:7:5-9:41
MERGED from [com.miguelcatalan:materialsearchview:1.4.0] AndroidManifest.xml:7:5-9:41
MERGED from [com.bignerdranch.android:recyclerview-multiselect:0.2] AndroidManifest.xml:5:5-7:41
MERGED from [com.bignerdranch.android:recyclerview-multiselect:0.2] AndroidManifest.xml:5:5-7:41
MERGED from [com.futuremind.recyclerfastscroll:fastscroll:0.2.5] AndroidManifest.xml:7:5-9:41
MERGED from [com.futuremind.recyclerfastscroll:fastscroll:0.2.5] AndroidManifest.xml:7:5-9:41
MERGED from [com.google.android.material:material:1.1.0-alpha05] AndroidManifest.xml:20:5-44
MERGED from [com.google.android.material:material:1.1.0-alpha05] AndroidManifest.xml:20:5-44
MERGED from [androidx.appcompat:appcompat:1.1.0-alpha04] AndroidManifest.xml:20:5-44
MERGED from [androidx.appcompat:appcompat:1.1.0-alpha04] AndroidManifest.xml:20:5-44
MERGED from [androidx.constraintlayout:constraintlayout:1.1.3] AndroidManifest.xml:5:5-7:41
MERGED from [androidx.constraintlayout:constraintlayout:1.1.3] AndroidManifest.xml:5:5-7:41
MERGED from [androidx.recyclerview:recyclerview:1.1.0-alpha01] AndroidManifest.xml:20:5-44
MERGED from [androidx.recyclerview:recyclerview:1.1.0-alpha01] AndroidManifest.xml:20:5-44
MERGED from [androidx.cardview:cardview:1.0.0] AndroidManifest.xml:20:5-44
MERGED from [androidx.cardview:cardview:1.0.0] AndroidManifest.xml:20:5-44
MERGED from [com.mxn.soul:flowingdrawer-core:2.0.0] AndroidManifest.xml:8:5-10:41
MERGED from [com.mxn.soul:flowingdrawer-core:2.0.0] AndroidManifest.xml:8:5-10:41
MERGED from [com.github.blackfizz:eazegraph:1.2.2] AndroidManifest.xml:7:5-9:41
MERGED from [com.github.blackfizz:eazegraph:1.2.2] AndroidManifest.xml:7:5-9:41
MERGED from [com.github.ybq:Android-SpinKit:1.2.0] AndroidManifest.xml:5:5-7:41
MERGED from [com.github.ybq:Android-SpinKit:1.2.0] AndroidManifest.xml:5:5-7:41
MERGED from [com.facebook.shimmer:shimmer:0.4.0] AndroidManifest.xml:5:5-44
MERGED from [com.facebook.shimmer:shimmer:0.4.0] AndroidManifest.xml:5:5-44
MERGED from [androidx.media:media:1.0.0] AndroidManifest.xml:20:5-44
MERGED from [androidx.media:media:1.0.0] AndroidManifest.xml:20:5-44
MERGED from [androidx.browser:browser:1.0.0] AndroidManifest.xml:20:5-44
MERGED from [androidx.browser:browser:1.0.0] AndroidManifest.xml:20:5-44
MERGED from [androidx.legacy:legacy-support-core-ui:1.0.0] AndroidManifest.xml:20:5-44
MERGED from [androidx.legacy:legacy-support-core-ui:1.0.0] AndroidManifest.xml:20:5-44
MERGED from [androidx.legacy:legacy-support-core-utils:1.0.0] AndroidManifest.xml:20:5-44
MERGED from [androidx.legacy:legacy-support-core-utils:1.0.0] AndroidManifest.xml:20:5-44
MERGED from [androidx.fragment:fragment:1.1.0-alpha06] AndroidManifest.xml:20:5-44
MERGED from [androidx.fragment:fragment:1.1.0-alpha06] AndroidManifest.xml:20:5-44
MERGED from [androidx.appcompat:appcompat-resources:1.1.0-alpha04] AndroidManifest.xml:20:5-44
MERGED from [androidx.appcompat:appcompat-resources:1.1.0-alpha04] AndroidManifest.xml:20:5-44
MERGED from [androidx.drawerlayout:drawerlayout:1.0.0] AndroidManifest.xml:20:5-44
MERGED from [androidx.drawerlayout:drawerlayout:1.0.0] AndroidManifest.xml:20:5-44
MERGED from [androidx.coordinatorlayout:coordinatorlayout:1.1.0-alpha01] AndroidManifest.xml:20:5-44
MERGED from [androidx.coordinatorlayout:coordinatorlayout:1.1.0-alpha01] AndroidManifest.xml:20:5-44
MERGED from [androidx.transition:transition:1.0.1] AndroidManifest.xml:20:5-44
MERGED from [androidx.transition:transition:1.0.1] AndroidManifest.xml:20:5-44
MERGED from [androidx.vectordrawable:vectordrawable-animated:1.1.0-alpha01] AndroidManifest.xml:20:5-44
MERGED from [androidx.vectordrawable:vectordrawable-animated:1.1.0-alpha01] AndroidManifest.xml:20:5-44
MERGED from [androidx.vectordrawable:vectordrawable:1.1.0-alpha01] AndroidManifest.xml:20:5-44
MERGED from [androidx.vectordrawable:vectordrawable:1.1.0-alpha01] AndroidManifest.xml:20:5-44
MERGED from [androidx.loader:loader:1.0.0] AndroidManifest.xml:20:5-44
MERGED from [androidx.loader:loader:1.0.0] AndroidManifest.xml:20:5-44
MERGED from [androidx.viewpager:viewpager:1.0.0] AndroidManifest.xml:20:5-44
MERGED from [androidx.viewpager:viewpager:1.0.0] AndroidManifest.xml:20:5-44
MERGED from [androidx.slidingpanelayout:slidingpanelayout:1.0.0] AndroidManifest.xml:20:5-44
MERGED from [androidx.slidingpanelayout:slidingpanelayout:1.0.0] AndroidManifest.xml:20:5-44
MERGED from [androidx.customview:customview:1.0.0] AndroidManifest.xml:20:5-44
MERGED from [androidx.customview:customview:1.0.0] AndroidManifest.xml:20:5-44
MERGED from [androidx.swiperefreshlayout:swiperefreshlayout:1.0.0] AndroidManifest.xml:20:5-44
MERGED from [androidx.swiperefreshlayout:swiperefreshlayout:1.0.0] AndroidManifest.xml:20:5-44
MERGED from [androidx.asynclayoutinflater:asynclayoutinflater:1.0.0] AndroidManifest.xml:20:5-44
MERGED from [androidx.asynclayoutinflater:asynclayoutinflater:1.0.0] AndroidManifest.xml:20:5-44
MERGED from [androidx.activity:activity:1.0.0-alpha06] AndroidManifest.xml:20:5-44
MERGED from [androidx.activity:activity:1.0.0-alpha06] AndroidManifest.xml:20:5-44
MERGED from [androidx.core:core:1.1.0-alpha05] AndroidManifest.xml:20:5-44